<?xml version="1.0" encoding="UTF-8"?>
<!-- Generated by org.testng.reporters.JUnitReportReporter -->
<testsuite skipped="0" hostname="DESKTOP-HGE39OB" name="seleniumPractice.handleRadioButton" tests="1" failures="0" timestamp="2020-02-27T21:31:23 IST" time="15.885" errors="0">
  <testcase name="RadioButtonTestCase" time="15.885" classname="seleniumPractice.handleRadioButton"/>
  <system-out/>
</testsuite> <!-- seleniumPractice.handleRadioButton -->
